Determining if the pthread_create exist failed with the following output:
Change Dir: /home/dom/diplomata/hand_learning/cpp/hand_learning/build/CMakeFiles/CMakeTmp

Run Build Command:"/usr/bin/make" "cmTC_dfc0f/fast"
/usr/bin/make -f CMakeFiles/cmTC_dfc0f.dir/build.make CMakeFiles/cmTC_dfc0f.dir/build
make[1]: Entering directory `/home/dom/diplomata/hand_learning/cpp/hand_learning/build/CMakeFiles/CMakeTmp'
Building C object CMakeFiles/cmTC_dfc0f.dir/CheckSymbolExists.c.o
/usr/bin/cc     -o CMakeFiles/cmTC_dfc0f.dir/CheckSymbolExists.c.o   -c /home/dom/diplomata/hand_learning/cpp/hand_learning/build/CMakeFiles/CMakeTmp/CheckSymbolExists.c
Linking C executable cmTC_dfc0f
/usr/bin/cmake -E cmake_link_script CMakeFiles/cmTC_dfc0f.dir/link.txt --verbose=1
/usr/bin/cc       CMakeFiles/cmTC_dfc0f.dir/CheckSymbolExists.c.o  -o cmTC_dfc0f -rdynamic 
CMakeFiles/cmTC_dfc0f.dir/CheckSymbolExists.c.o: In function `main':
CheckSymbolExists.c:(.text+0x16): undefined reference to `pthread_create'
collect2: error: ld returned 1 exit status
make[1]: *** [cmTC_dfc0f] Error 1
make[1]: Leaving directory `/home/dom/diplomata/hand_learning/cpp/hand_learning/build/CMakeFiles/CMakeTmp'
make: *** [cmTC_dfc0f/fast] Error 2

File /home/dom/diplomata/hand_learning/cpp/hand_learning/build/CMakeFiles/CMakeTmp/CheckSymbolExists.c:
/* */
#include <pthread.h>

int main(int argc, char** argv)
{
  (void)argv;
#ifndef pthread_create
  return ((int*)(&pthread_create))[argc];
#else
  (void)argc;
  return 0;
#endif
}

Determining if the function pthread_create exists in the pthreads failed with the following output:
Change Dir: /home/dom/diplomata/hand_learning/cpp/hand_learning/build/CMakeFiles/CMakeTmp

Run Build Command:"/usr/bin/make" "cmTC_ed7df/fast"
/usr/bin/make -f CMakeFiles/cmTC_ed7df.dir/build.make CMakeFiles/cmTC_ed7df.dir/build
make[1]: Entering directory `/home/dom/diplomata/hand_learning/cpp/hand_learning/build/CMakeFiles/CMakeTmp'
Building C object CMakeFiles/cmTC_ed7df.dir/CheckFunctionExists.c.o
/usr/bin/cc    -DCHECK_FUNCTION_EXISTS=pthread_create   -o CMakeFiles/cmTC_ed7df.dir/CheckFunctionExists.c.o   -c /usr/share/cmake-3.5/Modules/CheckFunctionExists.c
Linking C executable cmTC_ed7df
/usr/bin/cmake -E cmake_link_script CMakeFiles/cmTC_ed7df.dir/link.txt --verbose=1
/usr/bin/cc   -DCHECK_FUNCTION_EXISTS=pthread_create    CMakeFiles/cmTC_ed7df.dir/CheckFunctionExists.c.o  -o cmTC_ed7df -rdynamic -lpthreads 
/usr/bin/ld: cannot find -lpthreads
collect2: error: ld returned 1 exit status
make[1]: *** [cmTC_ed7df] Error 1
make[1]: Leaving directory `/home/dom/diplomata/hand_learning/cpp/hand_learning/build/CMakeFiles/CMakeTmp'
make: *** [cmTC_ed7df/fast] Error 2


